<?xml version="1.0" encoding="UTF-8"?>
<testsuite xmlns:xsi="http://www.w3.org/2001/XMLSchema-instance" xsi:noNamespaceSchemaLocation="https://maven.apache.org/surefire/maven-surefire-plugin/xsd/surefire-test-report-3.0.xsd" version="3.0" name="ie.gmit.PassengerTest" time="0.073" tests="6" errors="0" skipped="0" failures="0">
  <properties>
[...]
</properties>
  <testcase name="testingInvalidID" classname="ie.gmit.PassengerTest" time="0.045"/>
  <testcase name="testingInvalidPhone" classname="ie.gmit.PassengerTest" time="0.002"/>
  <testcase name="testingInvalidTitle" classname="ie.gmit.PassengerTest" time="0.002"/>
  <testcase name="testingInvalidName" classname="ie.gmit.PassengerTest" time="0.001"/>
  <testcase name="testingInvalidAge" classname="ie.gmit.PassengerTest" time="0.002"/>
  <testcase name="testingConstuctorSuccess" classname="ie.gmit.PassengerTest" time="0.001"/>
</testsuite>